# JRE version: OpenJDK Runtime Environment (11.0.15) (build 11.0.15+0-b2043.56-8887301)
# Java VM: OpenJDK 64-Bit Server VM (11.0.15+0-b2043.56-8887301, mixed mode, tiered, compressed oops, g1 gc, windows-amd64)
Heap:
 garbage-first heap   total 227328K, used 169112K [0x0000000080000000, 0x0000000100000000)
  region size 1024K, 11 young (11264K), 2 survivors (2048K)
 Metaspace       used 110815K, capacity 113392K, committed 113968K, reserved 1148928K
  class space    used 13814K, capacity 14771K, committed 14976K, reserved 1048576K
GC Heap History (20 events):
Event: 8722.792 GC heap before
{Heap before GC invocations=72 (full 0):
 garbage-first heap   total 189440K, used 159324K [0x0000000080000000, 0x0000000100000000)
  region size 1024K, 12 young (12288K), 2 survivors (2048K)
 Metaspace       used 110239K, capacity 112771K, committed 113584K, reserved 1148928K
  class space    used 13720K, capacity 14613K, committed 14848K, reserved 1048576K
}
Event: 8722.811 GC heap after
{Heap after GC invocations=73 (full 0):
 garbage-first heap   total 189440K, used 150200K [0x0000000080000000, 0x0000000100000000)
  region size 1024K, 2 young (2048K), 2 survivors (2048K)
 Metaspace       used 110239K, capacity 112771K, committed 113584K, reserved 1148928K
  class space    used 13720K, capacity 14613K, committed 14848K, reserved 1048576K
}
Event: 8723.216 GC heap before
{Heap before GC invocations=74 (full 0):
 garbage-first heap   total 189440K, used 165560K [0x0000000080000000, 0x0000000100000000)
  region size 1024K, 13 young (13312K), 2 survivors (2048K)
 Metaspace       used 110498K, capacity 112995K, committed 113712K, reserved 1148928K
  class space    used 13770K, capacity 14688K, committed 14976K, reserved 1048576K
}
Event: 8723.233 GC heap after
{Heap after GC invocations=75 (full 0):
 garbage-first heap   total 189440K, used 157331K [0x0000000080000000, 0x0000000100000000)
  region size 1024K, 2 young (2048K), 2 survivors (2048K)
 Metaspace       used 110498K, capacity 112995K, committed 113712K, reserved 1148928K
  class space    used 13770K, capacity 14688K, committed 14976K, reserved 1048576K
}
Event: 8723.255 GC heap before
{Heap before GC invocations=75 (full 0):
 garbage-first heap   total 189440K, used 164499K [0x0000000080000000, 0x0000000100000000)
  region size 1024K, 9 young (9216K), 2 survivors (2048K)
 Metaspace       used 110499K, capacity 112995K, committed 113712K, reserved 1148928K
  class space    used 13770K, capacity 14688K, committed 14976K, reserved 1048576K
}
Event: 8723.278 GC heap after
{Heap after GC invocations=76 (full 0):
 garbage-first heap   total 189440K, used 156681K [0x0000000080000000, 0x0000000100000000)
  region size 1024K, 1 young (1024K), 1 survivors (1024K)
 Metaspace       used 110499K, capacity 112995K, committed 113712K, reserved 1148928K
  class space    used 13770K, capacity 14688K, committed 14976K, reserved 1048576K
}
Event: 8723.727 GC heap before
{Heap before GC invocations=76 (full 0):
 garbage-first heap   total 189440K, used 164873K [0x0000000080000000, 0x0000000100000000)
  region size 1024K, 9 young (9216K), 1 survivors (1024K)
 Metaspace       used 110676K, capacity 113272K, committed 113968K, reserved 1148928K
  class space    used 13803K, capacity 14760K, committed 14976K, reserved 1048576K
}
Event: 8723.733 GC heap after
{Heap after GC invocations=77 (full 0):
 garbage-first heap   total 189440K, used 157543K [0x0000000080000000, 0x0000000100000000)
  region size 1024K, 1 young (1024K), 1 survivors (1024K)
 Metaspace       used 110676K, capacity 113272K, committed 113968K, reserved 1148928K
  class space    used 13803K, capacity 14760K, committed 14976K, reserved 1048576K
}
Event: 8724.209 GC heap before
{Heap before GC invocations=78 (full 0):
 garbage-first heap   total 189440K, used 165735K [0x0000000080000000, 0x0000000100000000)
  region size 1024K, 9 young (9216K), 1 survivors (1024K)
 Metaspace       used 110687K, capacity 113274K, committed 113968K, reserved 1148928K
  class space    used 13803K, capacity 14760K, committed 14976K, reserved 1048576K
}
Event: 8724.214 GC heap after
{Heap after GC invocations=79 (full 0):
 garbage-first heap   total 189440K, used 157926K [0x0000000080000000, 0x0000000100000000)
  region size 1024K, 2 young (2048K), 2 survivors (2048K)
 Metaspace       used 110687K, capacity 113274K, committed 113968K, reserved 1148928K
  class space    used 13803K, capacity 14760K, committed 14976K, reserved 1048576K
}
Event: 8724.358 GC heap before
{Heap before GC invocations=79 (full 0):
 garbage-first heap   total 189440K, used 164070K [0x0000000080000000, 0x0000000100000000)
  region size 1024K, 9 young (9216K), 2 survivors (2048K)
 Metaspace       used 110698K, capacity 113277K, committed 113968K, reserved 1148928K
  class space    used 13803K, capacity 14760K, committed 14976K, reserved 1048576K
}
Event: 8724.370 GC heap after
{Heap after GC invocations=80 (full 0):
 garbage-first heap   total 189440K, used 157829K [0x0000000080000000, 0x0000000100000000)
  region size 1024K, 1 young (1024K), 1 survivors (1024K)
 Metaspace       used 110698K, capacity 113277K, committed 113968K, reserved 1148928K
  class space    used 13803K, capacity 14760K, committed 14976K, reserved 1048576K
}
Event: 8724.920 GC heap before
{Heap before GC invocations=80 (full 0):
 garbage-first heap   total 189440K, used 166021K [0x0000000080000000, 0x0000000100000000)
  region size 1024K, 9 young (9216K), 1 survivors (1024K)
 Metaspace       used 110787K, capacity 113368K, committed 113968K, reserved 1148928K
  class space    used 13809K, capacity 14763K, committed 14976K, reserved 1048576K
}
Event: 8724.927 GC heap after
{Heap after GC invocations=81 (full 0):
 garbage-first heap   total 189440K, used 159025K [0x0000000080000000, 0x0000000100000000)
  region size 1024K, 2 young (2048K), 2 survivors (2048K)
 Metaspace       used 110787K, capacity 113368K, committed 113968K, reserved 1148928K
  class space    used 13809K, capacity 14763K, committed 14976K, reserved 1048576K
}
Event: 8725.215 GC heap before
{Heap before GC invocations=81 (full 0):
 garbage-first heap   total 189440K, used 166193K [0x0000000080000000, 0x0000000100000000)
  region size 1024K, 9 young (9216K), 2 survivors (2048K)
 Metaspace       used 110812K, capacity 113386K, committed 113968K, reserved 1148928K
  class space    used 13813K, capacity 14769K, committed 14976K, reserved 1048576K
}
Event: 8725.232 GC heap after
{Heap after GC invocations=82 (full 0):
 garbage-first heap   total 189440K, used 160024K [0x0000000080000000, 0x0000000100000000)
  region size 1024K, 1 young (1024K), 1 survivors (1024K)
 Metaspace       used 110812K, capacity 113386K, committed 113968K, reserved 1148928K
  class space    used 13813K, capacity 14769K, committed 14976K, reserved 1048576K
}
Event: 8725.249 GC heap before
{Heap before GC invocations=82 (full 0):
 garbage-first heap   total 189440K, used 168216K [0x0000000080000000, 0x0000000100000000)
  region size 1024K, 9 young (9216K), 1 survivors (1024K)
 Metaspace       used 110812K, capacity 113386K, committed 113968K, reserved 1148928K
  class space    used 13813K, capacity 14769K, committed 14976K, reserved 1048576K
}
Event: 8725.254 GC heap after
{Heap after GC invocations=83 (full 0):
 garbage-first heap   total 189440K, used 160076K [0x0000000080000000, 0x0000000100000000)
  region size 1024K, 2 young (2048K), 2 survivors (2048K)
 Metaspace       used 110812K, capacity 113386K, committed 113968K, reserved 1148928K
  class space    used 13813K, capacity 14769K, committed 14976K, reserved 1048576K
}
Event: 8725.438 GC heap before
{Heap before GC invocations=84 (full 0):
 garbage-first heap   total 189440K, used 167244K [0x0000000080000000, 0x0000000100000000)
  region size 1024K, 9 young (9216K), 2 survivors (2048K)
 Metaspace       used 110815K, capacity 113392K, committed 113968K, reserved 1148928K
  class space    used 13814K, capacity 14771K, committed 14976K, reserved 1048576K
}
Event: 8725.445 GC heap after
{Heap after GC invocations=85 (full 0):
 garbage-first heap   total 227328K, used 160409K [0x0000000080000000, 0x0000000100000000)
  region size 1024K, 2 young (2048K), 2 survivors (2048K)
 Metaspace       used 110815K, capacity 113392K, committed 113968K, reserved 1148928K
  class space    used 13814K, capacity 14771K, committed 14976K, reserved 1048576K
}

